0 info it worked if it ends with ok
1 verbose cli [ 'node', '/usr/local/bin/npm', 'install', '--save', 'socket.io' ]
2 info using npm@1.4.28
3 info using node@v0.10.32
4 verbose readDependencies using package.json deps
5 verbose cache add [ 'socket.io', null ]
6 verbose cache add name=undefined spec="socket.io" args=["socket.io",null]
7 verbose parsed url { protocol: null,
7 verbose parsed url   slashes: null,
7 verbose parsed url   auth: null,
7 verbose parsed url   host: null,
7 verbose parsed url   port: null,
7 verbose parsed url   hostname: null,
7 verbose parsed url   hash: null,
7 verbose parsed url   search: null,
7 verbose parsed url   query: null,
7 verbose parsed url   pathname: 'socket.io',
7 verbose parsed url   path: 'socket.io',
7 verbose parsed url   href: 'socket.io' }
8 silly lockFile 71475bfd-socket-io socket.io
9 verbose lock socket.io /Users/js_developer/.npm/71475bfd-socket-io.lock
10 silly lockFile 71475bfd-socket-io socket.io
11 silly lockFile 71475bfd-socket-io socket.io
12 verbose addNamed [ 'socket.io', '' ]
13 verbose addNamed [ null, '*' ]
14 silly lockFile c03de861-socket-io socket.io@
15 verbose lock socket.io@ /Users/js_developer/.npm/c03de861-socket-io.lock
16 silly addNameRange { name: 'socket.io', range: '*', hasData: false }
17 verbose request where is /socket.io
18 verbose request registry https://registry.npmjs.org/
19 verbose request id 833a5c4e9a0735ad
20 verbose url raw /socket.io
21 verbose url resolving [ 'https://registry.npmjs.org/', './socket.io' ]
22 verbose url resolved https://registry.npmjs.org/socket.io
23 verbose request where is https://registry.npmjs.org/socket.io
24 info trying registry request attempt 1 at 16:26:59
25 verbose etag "47LDYC8VO4CSYLD5R0HFVYFZ5"
26 http GET https://registry.npmjs.org/socket.io
27 http 200 https://registry.npmjs.org/socket.io
28 silly registry.get cb [ 200,
28 silly registry.get   { date: 'Mon, 29 Dec 2014 20:27:02 GMT',
28 silly registry.get     server: 'CouchDB/1.5.0 (Erlang OTP/R16B03)',
28 silly registry.get     etag: '"3E4KFF3BGDOAN7VQAHG60MQ73"',
28 silly registry.get     'content-type': 'application/json',
28 silly registry.get     'cache-control': 'max-age=60',
28 silly registry.get     'content-length': '103140',
28 silly registry.get     'accept-ranges': 'bytes',
28 silly registry.get     via: '1.1 varnish',
28 silly registry.get     age: '22',
28 silly registry.get     'x-served-by': 'cache-iad2140-IAD',
28 silly registry.get     'x-cache': 'HIT',
28 silly registry.get     'x-cache-hits': '1',
28 silly registry.get     'x-timer': 'S1419884822.764455,VS0,VE0',
28 silly registry.get     vary: 'Accept',
28 silly registry.get     'keep-alive': 'timeout=10, max=50',
28 silly registry.get     connection: 'Keep-Alive' } ]
29 silly addNameRange number 2 { name: 'socket.io', range: '*', hasData: true }
30 silly addNameRange versions [ 'socket.io',
30 silly addNameRange   [ '0.3.8',
30 silly addNameRange     '0.4.0',
30 silly addNameRange     '0.4.1',
30 silly addNameRange     '0.5.1',
30 silly addNameRange     '0.5.3',
30 silly addNameRange     '0.6.0',
30 silly addNameRange     '0.6.1',
30 silly addNameRange     '0.6.3',
30 silly addNameRange     '0.6.4',
30 silly addNameRange     '0.6.5',
30 silly addNameRange     '0.6.6',
30 silly addNameRange     '0.6.7',
30 silly addNameRange     '0.6.8',
30 silly addNameRange     '0.6.9',
30 silly addNameRange     '0.6.10',
30 silly addNameRange     '0.6.11',
30 silly addNameRange     '0.6.12',
30 silly addNameRange     '0.6.14',
30 silly addNameRange     '0.6.15',
30 silly addNameRange     '0.6.16',
30 silly addNameRange     '0.6.17',
30 silly addNameRange     '0.6.18',
30 silly addNameRange     '0.7.0',
30 silly addNameRange     '0.7.1',
30 silly addNameRange     '0.7.2',
30 silly addNameRange     '0.7.3',
30 silly addNameRange     '0.7.4',
30 silly addNameRange     '0.7.5',
30 silly addNameRange     '0.7.6',
30 silly addNameRange     '0.7.7',
30 silly addNameRange     '0.7.8',
30 silly addNameRange     '0.7.9',
30 silly addNameRange     '0.7.10',
30 silly addNameRange     '0.7.11',
30 silly addNameRange     '0.8.0',
30 silly addNameRange     '0.8.1',
30 silly addNameRange     '0.8.2',
30 silly addNameRange     '0.8.3',
30 silly addNameRange     '0.8.4',
30 silly addNameRange     '0.8.5',
30 silly addNameRange     '0.8.6',
30 silly addNameRange     '0.8.7',
30 silly addNameRange     '0.9.0',
30 silly addNameRange     '0.9.1',
30 silly addNameRange     '0.9.1-1',
30 silly addNameRange     '0.9.2',
30 silly addNameRange     '0.9.3',
30 silly addNameRange     '0.9.4',
30 silly addNameRange     '0.9.5',
30 silly addNameRange     '0.9.6',
30 silly addNameRange     '0.9.7',
30 silly addNameRange     '0.9.8',
30 silly addNameRange     '0.9.9',
30 silly addNameRange     '0.9.10',
30 silly addNameRange     '0.9.11',
30 silly addNameRange     '0.9.12',
30 silly addNameRange     '0.9.13',
30 silly addNameRange     '0.9.14',
30 silly addNameRange     '0.9.15',
30 silly addNameRange     '0.9.16',
30 silly addNameRange     '1.0.0-pre',
30 silly addNameRange     '1.0.0-pre2',
30 silly addNameRange     '1.0.0-pre3',
30 silly addNameRange     '1.0.0-pre4',
30 silly addNameRange     '1.0.0-pre5',
30 silly addNameRange     '0.9.17',
30 silly addNameRange     '1.0.0',
30 silly addNameRange     '1.0.1',
30 silly addNameRange     '1.0.2',
30 silly addNameRange     '1.0.3',
30 silly addNameRange     '1.0.4',
30 silly addNameRange     '1.0.5',
30 silly addNameRange     '1.0.6',
30 silly addNameRange     '1.1.0',
30 silly addNameRange     '1.2.0',
30 silly addNameRange     '1.2.1' ] ]
31 verbose addNamed [ 'socket.io', '1.2.1' ]
32 verbose addNamed [ '1.2.1', '1.2.1' ]
33 silly lockFile 77e414a6-socket-io-1-2-1 socket.io@1.2.1
34 verbose lock socket.io@1.2.1 /Users/js_developer/.npm/77e414a6-socket-io-1-2-1.lock
35 silly lockFile 03c4f5da-rg-socket-io-socket-io-1-2-1-tgz https://registry.npmjs.org/socket.io/-/socket.io-1.2.1.tgz
36 verbose lock https://registry.npmjs.org/socket.io/-/socket.io-1.2.1.tgz /Users/js_developer/.npm/03c4f5da-rg-socket-io-socket-io-1-2-1-tgz.lock
37 verbose addRemoteTarball [ 'https://registry.npmjs.org/socket.io/-/socket.io-1.2.1.tgz',
37 verbose addRemoteTarball   '84400af534c0d32baa9ac88937eedb5b8465ee92' ]
38 info retry fetch attempt 1 at 16:27:03
39 verbose fetch to= /var/folders/gz/n1t83_b90ql3kg03cft5g6sw0000gp/T/npm-11717-TCszoukq/registry.npmjs.org/socket.io/-/socket.io-1.2.1.tgz
40 http GET https://registry.npmjs.org/socket.io/-/socket.io-1.2.1.tgz
41 http 200 https://registry.npmjs.org/socket.io/-/socket.io-1.2.1.tgz
42 silly lockFile 03c4f5da-rg-socket-io-socket-io-1-2-1-tgz https://registry.npmjs.org/socket.io/-/socket.io-1.2.1.tgz
43 silly lockFile 03c4f5da-rg-socket-io-socket-io-1-2-1-tgz https://registry.npmjs.org/socket.io/-/socket.io-1.2.1.tgz
44 silly lockFile 77e414a6-socket-io-1-2-1 socket.io@1.2.1
45 silly lockFile 77e414a6-socket-io-1-2-1 socket.io@1.2.1
46 silly lockFile c03de861-socket-io socket.io@
47 silly lockFile c03de861-socket-io socket.io@
48 error Error: EACCES, mkdir '/Users/js_developer/.npm/socket.io/1.2.1'
48 error  { [Error: EACCES, mkdir '/Users/js_developer/.npm/socket.io/1.2.1']
48 error   errno: 3,
48 error   code: 'EACCES',
48 error   path: '/Users/js_developer/.npm/socket.io/1.2.1',
48 error   parent: 'yobsi-api' }
49 error Please try running this command again as root/Administrator.
50 error System Darwin 14.0.0
51 error command "node" "/usr/local/bin/npm" "install" "--save" "socket.io"
52 error cwd /Users/js_developer/development/projects/yobsi-api
53 error node -v v0.10.32
54 error npm -v 1.4.28
55 error path /Users/js_developer/.npm/socket.io/1.2.1
56 error code EACCES
57 error errno 3
58 error stack Error: EACCES, mkdir '/Users/js_developer/.npm/socket.io/1.2.1'
59 verbose exit [ 3, true ]
